08:47:44.457 [ApplicationImpl pooled thread 945] INFO  c.b.l.BrowserStackRunExtension - testng
08:47:44.457 [ApplicationImpl pooled thread 945] INFO  com.browserstack.utils.Helpers - null
08:47:44.458 [ApplicationImpl pooled thread 945] INFO  c.b.l.BrowserStackRunExtension - Agent path: null
09:36:24.341 [ApplicationImpl pooled thread 981] INFO  c.b.l.BrowserStackRunExtension - testng
09:36:24.341 [ApplicationImpl pooled thread 981] INFO  com.browserstack.utils.Helpers - null
09:36:24.342 [ApplicationImpl pooled thread 981] INFO  c.b.l.BrowserStackRunExtension - Agent path: null
09:46:30.032 [ApplicationImpl pooled thread 992] INFO  c.b.l.BrowserStackRunExtension - testng
09:46:30.032 [ApplicationImpl pooled thread 992] INFO  com.browserstack.utils.Helpers - null
09:46:30.032 [ApplicationImpl pooled thread 992] INFO  c.b.l.BrowserStackRunExtension - Agent path: null
09:54:28.436 [ApplicationImpl pooled thread 981] INFO  c.b.l.BrowserStackRunExtension - testng
09:54:28.437 [ApplicationImpl pooled thread 981] INFO  com.browserstack.utils.Helpers - null
09:54:28.437 [ApplicationImpl pooled thread 981] INFO  com.browserstack.utils.Helpers - /Users/predivak/.m2/repository/com/browserstack/browserstack-java-sdk/1.29.3/browserstack-java-sdk-1.29.3.jar
09:54:28.437 [ApplicationImpl pooled thread 981] INFO  c.b.l.BrowserStackRunExtension - Agent path: /Users/predivak/.m2/repository/com/browserstack/browserstack-java-sdk/1.29.3/browserstack-java-sdk-1.29.3.jar
09:54:28.437 [ApplicationImpl pooled thread 981] INFO  c.b.l.BrowserStackRunExtension - Adding Browserstack SDK javaagent argline
09:54:28.437 [ApplicationImpl pooled thread 981] INFO  c.b.l.BrowserStackRunExtension - Plugin version: v1.1.6
10:07:51.795 [ApplicationImpl pooled thread 981] INFO  c.b.l.BrowserStackRunExtension - maven
10:07:51.796 [ApplicationImpl pooled thread 981] INFO  com.browserstack.utils.Helpers - null
10:08:29.995 [ApplicationImpl pooled thread 1003] INFO  c.b.l.BrowserStackRunExtension - testng
10:08:29.995 [ApplicationImpl pooled thread 1003] INFO  com.browserstack.utils.Helpers - null
10:08:29.995 [ApplicationImpl pooled thread 1003] INFO  com.browserstack.utils.Helpers - /Users/predivak/.m2/repository/com/browserstack/browserstack-java-sdk/1.29.3/browserstack-java-sdk-1.29.3.jar
10:08:29.995 [ApplicationImpl pooled thread 1003] INFO  c.b.l.BrowserStackRunExtension - Agent path: /Users/predivak/.m2/repository/com/browserstack/browserstack-java-sdk/1.29.3/browserstack-java-sdk-1.29.3.jar
10:08:29.995 [ApplicationImpl pooled thread 1003] INFO  c.b.l.BrowserStackRunExtension - Adding Browserstack SDK javaagent argline
10:08:29.995 [ApplicationImpl pooled thread 1003] INFO  c.b.l.BrowserStackRunExtension - Plugin version: v1.1.6
